2023-08-12 01:45:03.399 [main] INFO  Common.Listener - Test Suite: OrangeHrm started.
2023-08-12 01:45:17.614 [main] INFO  Common.Listener - Test Method: Admin_UserRole started.
2023-08-12 01:45:21.632 [main] INFO  Common.Listener - Test Method: Admin_UserRole passed.
2023-08-12 01:45:21.638 [main] INFO  Common.Listener - Test Method: Admin_EmployeeName started.
2023-08-12 01:45:26.784 [main] INFO  Common.Listener - Test Method: Admin_EmployeeName passed.
2023-08-12 01:45:26.786 [main] INFO  Common.Listener - Test Method: Admin_Status started.
2023-08-12 01:45:28.931 [main] INFO  Common.Listener - Test Method: Admin_Status passed.
2023-08-12 01:45:28.931 [main] INFO  Common.Listener - Test Method: Admin_Username started.
2023-08-12 01:45:31.006 [main] INFO  Common.Listener - Test Method: Admin_Username passed.
2023-08-12 01:45:31.006 [main] INFO  Common.Listener - Test Method: Admin_Password started.
2023-08-12 01:45:33.084 [main] INFO  Common.Listener - Test Method: Admin_Password passed.
2023-08-12 01:45:33.084 [main] INFO  Common.Listener - Test Method: Admin_ConfirmPassword started.
2023-08-12 01:45:40.232 [main] INFO  Common.Listener - Test Method: Admin_ConfirmPassword passed.
2023-08-12 01:45:40.232 [main] INFO  Common.Listener - Test Method: Admin_SystemUsername started.
2023-08-12 01:45:41.343 [main] INFO  Common.Listener - Test Method: Admin_SystemUsername passed.
2023-08-12 01:45:41.525 [main] INFO  Common.Listener - Test Suite: OrangeHrm finished.
2023-08-12 23:15:11.489 [main] INFO  Common.Listener - Test Suite: OrangeHrm started.
2023-08-12 23:15:27.651 [main] INFO  Common.Listener - Test Method: Admin_UserRole started.
2023-08-12 23:15:30.993 [main] INFO  Common.Listener - Test Method: Admin_UserRole passed.
2023-08-12 23:15:31.003 [main] INFO  Common.Listener - Test Method: Admin_EmployeeName started.
2023-08-12 23:15:36.325 [main] INFO  Common.Listener - Test Method: Admin_EmployeeName passed.
2023-08-12 23:15:36.326 [main] INFO  Common.Listener - Test Method: Admin_Status started.
2023-08-12 23:15:38.465 [main] INFO  Common.Listener - Test Method: Admin_Status passed.
2023-08-12 23:15:38.466 [main] INFO  Common.Listener - Test Method: Admin_Username started.
2023-08-12 23:15:40.536 [main] INFO  Common.Listener - Test Method: Admin_Username passed.
2023-08-12 23:15:40.536 [main] INFO  Common.Listener - Test Method: Admin_Password started.
2023-08-12 23:15:42.605 [main] INFO  Common.Listener - Test Method: Admin_Password passed.
2023-08-12 23:15:42.606 [main] INFO  Common.Listener - Test Method: Admin_ConfirmPassword started.
2023-08-12 23:15:49.760 [main] INFO  Common.Listener - Test Method: Admin_ConfirmPassword passed.
2023-08-12 23:15:49.765 [main] INFO  Common.Listener - Test Method: Admin_SystemUsername started.
2023-08-12 23:15:51.538 [main] INFO  Common.Listener - Test Method: Admin_SystemUsername passed.
2023-08-12 23:15:51.694 [main] INFO  Common.Listener - Test Suite: OrangeHrm finished.
