2024-03-04 06:58:32.128 [main] INFO  Common.Listener - Test Suite: OrangeHrm started.
2024-03-04 06:58:42.132 [main] INFO  Common.Listener - Test Method: Admin_UserRole started.
2024-03-04 06:58:42.141 [main] WARN  Common.Listener - Test Method: Admin_UserRole skipped.
2024-03-04 06:58:42.144 [main] INFO  Common.Listener - Test Method: Admin_EmployeeName started.
2024-03-04 06:58:42.145 [main] WARN  Common.Listener - Test Method: Admin_EmployeeName skipped.
2024-03-04 06:58:42.149 [main] INFO  Common.Listener - Test Method: Admin_Status started.
2024-03-04 06:58:42.150 [main] WARN  Common.Listener - Test Method: Admin_Status skipped.
2024-03-04 06:58:42.152 [main] INFO  Common.Listener - Test Method: Admin_Username started.
2024-03-04 06:58:42.153 [main] WARN  Common.Listener - Test Method: Admin_Username skipped.
2024-03-04 06:58:42.155 [main] INFO  Common.Listener - Test Method: Admin_Password started.
2024-03-04 06:58:42.156 [main] WARN  Common.Listener - Test Method: Admin_Password skipped.
2024-03-04 06:58:42.157 [main] INFO  Common.Listener - Test Method: Admin_ConfirmPassword started.
2024-03-04 06:58:42.158 [main] WARN  Common.Listener - Test Method: Admin_ConfirmPassword skipped.
2024-03-04 06:58:42.161 [main] INFO  Common.Listener - Test Method: Admin_SystemUsername started.
2024-03-04 06:58:42.163 [main] WARN  Common.Listener - Test Method: Admin_SystemUsername skipped.
2024-03-04 06:58:42.205 [main] INFO  Common.Listener - Test Suite: OrangeHrm finished.
2024-03-04 07:05:35.951 [main] INFO  Common.Listener - Test Suite: OrangeHrm started.
2024-03-04 07:05:47.959 [main] INFO  Common.Listener - Test Method: Admin_UserRole started.
2024-03-04 07:05:52.383 [main] INFO  Common.Listener - Test Method: Admin_UserRole passed.
2024-03-04 07:05:52.395 [main] INFO  Common.Listener - Test Method: Admin_EmployeeName started.
2024-03-04 07:05:57.585 [main] INFO  Common.Listener - Test Method: Admin_EmployeeName passed.
2024-03-04 07:05:57.585 [main] INFO  Common.Listener - Test Method: Admin_Status started.
2024-03-04 07:05:59.755 [main] INFO  Common.Listener - Test Method: Admin_Status passed.
2024-03-04 07:05:59.755 [main] INFO  Common.Listener - Test Method: Admin_Username started.
2024-03-04 07:06:01.860 [main] INFO  Common.Listener - Test Method: Admin_Username passed.
2024-03-04 07:06:01.860 [main] INFO  Common.Listener - Test Method: Admin_Password started.
2024-03-04 07:06:03.964 [main] INFO  Common.Listener - Test Method: Admin_Password passed.
2024-03-04 07:06:03.964 [main] INFO  Common.Listener - Test Method: Admin_ConfirmPassword started.
2024-03-04 07:06:11.121 [main] INFO  Common.Listener - Test Method: Admin_ConfirmPassword passed.
2024-03-04 07:06:11.121 [main] INFO  Common.Listener - Test Method: Admin_SystemUsername started.
2024-03-04 07:06:12.248 [main] INFO  Common.Listener - Test Method: Admin_SystemUsername passed.
2024-03-04 07:06:12.435 [main] INFO  Common.Listener - Test Suite: OrangeHrm finished.
2024-03-04 08:41:35.726 [main] INFO  Common.Listener - Test Suite: OrangeHrm started.
2024-03-04 08:41:46.239 [main] INFO  Common.Listener - Test Method: Admin_UserRole started.
2024-03-04 08:41:51.234 [main] INFO  Common.Listener - Test Method: Admin_UserRole passed.
2024-03-04 08:41:51.239 [main] INFO  Common.Listener - Test Method: Admin_EmployeeName started.
2024-03-04 08:41:56.534 [main] INFO  Common.Listener - Test Method: Admin_EmployeeName passed.
2024-03-04 08:41:56.534 [main] INFO  Common.Listener - Test Method: Admin_Status started.
2024-03-04 08:41:58.686 [main] INFO  Common.Listener - Test Method: Admin_Status passed.
2024-03-04 08:41:58.686 [main] INFO  Common.Listener - Test Method: Admin_Username started.
2024-03-04 08:42:00.789 [main] INFO  Common.Listener - Test Method: Admin_Username passed.
2024-03-04 08:42:00.789 [main] INFO  Common.Listener - Test Method: Admin_Password started.
2024-03-04 08:42:02.886 [main] INFO  Common.Listener - Test Method: Admin_Password passed.
2024-03-04 08:42:02.895 [main] INFO  Common.Listener - Test Method: Admin_ConfirmPassword started.
2024-03-04 08:42:02.915 [main] ERROR Common.Listener - Test Method: Admin_ConfirmPassword failed and the exception is : org.openqa.selenium.NoSuchWindowException: no such window: target window already closed
from unknown error: web view not found
  (Session info: chrome=122.0.6261.95)
Build info: version: '4.10.0', revision: 'c14d967899'
System info: os.name: 'Windows 11', os.arch: 'amd64', os.version: '10.0', java.version: '19.0.1'
Driver info: org.openqa.selenium.chrome.ChromeDriver
Command: [65344ec899584e49ef281cdf8651bb7e, findElement {using=xpath, value=//*[@class = 'oxd-form-row user-password-row']//div//div[2]//div[1]//div[2]//input}]
Capabilities {acceptInsecureCerts: false, browserName: chrome, browserVersion: 122.0.6261.95, chrome: {chromedriverVersion: 122.0.6261.94 (880dbf29479c..., userDataDir: C:\Users\AAKILG~1\AppData\L...}, fedcm:accounts: true, goog:chromeOptions: {debuggerAddress: localhost:51583}, networkConnectionEnabled: false, pageLoadStrategy: normal, platformName: windows, proxy: Proxy(), se:cdp: ws://localhost:51583/devtoo..., se:cdpVersion: 122.0.6261.95, setWindowRect: true, strictFileInteractability: false, timeouts: {implicit: 0, pageLoad: 300000, script: 30000}, unhandledPromptBehavior: dismiss and notify, webauthn:extension:credBlob: true, webauthn:extension:largeBlob: true, webauthn:extension:minPinLength: true, webauthn:extension:prf: true, webauthn:virtualAuthenticators: true}
Session ID: 65344ec899584e49ef281cdf8651bb7e
