2025-05-03 11:25:45.960 [main] INFO  Common.Listener - Test Suite: OrangeHrm started.
2025-05-03 11:25:56.985 [main] INFO  Common.Listener - Test Method: Admin_UserRole started.
2025-05-03 11:26:00.321 [main] INFO  Common.Listener - Test Method: Admin_UserRole passed.
2025-05-03 11:26:00.327 [main] INFO  Common.Listener - Test Method: Admin_EmployeeName started.
2025-05-03 11:26:05.494 [main] INFO  Common.Listener - Test Method: Admin_EmployeeName passed.
2025-05-03 11:26:05.494 [main] INFO  Common.Listener - Test Method: Admin_Status started.
2025-05-03 11:26:07.707 [main] INFO  Common.Listener - Test Method: Admin_Status passed.
2025-05-03 11:26:07.707 [main] INFO  Common.Listener - Test Method: Admin_Username started.
2025-05-03 11:26:09.795 [main] INFO  Common.Listener - Test Method: Admin_Username passed.
2025-05-03 11:26:09.795 [main] INFO  Common.Listener - Test Method: Admin_Password started.
2025-05-03 11:26:11.906 [main] INFO  Common.Listener - Test Method: Admin_Password passed.
2025-05-03 11:26:11.906 [main] INFO  Common.Listener - Test Method: Admin_ConfirmPassword started.
2025-05-03 11:26:19.080 [main] INFO  Common.Listener - Test Method: Admin_ConfirmPassword passed.
2025-05-03 11:26:19.080 [main] INFO  Common.Listener - Test Method: Admin_SystemUsername started.
2025-05-03 11:26:20.222 [main] INFO  Common.Listener - Test Method: Admin_SystemUsername passed.
2025-05-03 11:26:26.904 [main] INFO  Common.Listener - Test Method: Leave_Accept started.
2025-05-03 11:26:45.708 [main] INFO  Common.Listener - Test Method: Leave_Accept passed.
2025-05-03 11:26:52.033 [main] INFO  Common.Listener - Test Method: Recruitment_HiredList started.
2025-05-03 11:26:58.501 [main] INFO  Common.Listener - Test Method: Recruitment_HiredList passed.
2025-05-03 11:26:58.501 [main] INFO  Common.Listener - Test Method: Recruitment_RejectionList1 started.
2025-05-03 11:26:59.941 [main] INFO  Common.Listener - Test Method: Recruitment_RejectionList1 passed.
2025-05-03 11:26:59.941 [main] INFO  Common.Listener - Test Method: Recruitment_Rejected1 started.
2025-05-03 11:27:26.731 [main] INFO  Common.Listener - Test Method: Recruitment_Rejected1 passed.
2025-05-03 11:27:36.300 [main] INFO  Common.Listener - Test Method: PIM_AddEmployee started.
2025-05-03 11:27:49.467 [main] INFO  Common.Listener - Test Method: PIM_AddEmployee passed.
2025-05-03 11:27:49.467 [main] INFO  Common.Listener - Test Method: PersonalDetails started.
2025-05-03 11:28:12.887 [main] INFO  Common.Listener - Test Method: PersonalDetails passed.
2025-05-03 11:28:18.987 [main] INFO  Common.Listener - Test Method: AccessRecords started.
2025-05-03 11:28:34.020 [main] INFO  Common.Listener - Test Method: AccessRecords passed.
2025-05-03 11:28:34.139 [main] INFO  Common.Listener - Test Suite: OrangeHrm finished.
2025-05-03 11:31:20.593 [main] INFO  Common.Listener - Test Suite: OrangeHrm started.
2025-05-03 11:31:28.766 [main] INFO  Common.Listener - Test Method: Admin_UserRole started.
2025-05-03 11:31:33.047 [main] INFO  Common.Listener - Test Method: Admin_UserRole passed.
2025-05-03 11:31:33.055 [main] INFO  Common.Listener - Test Method: Admin_EmployeeName started.
2025-05-03 11:31:38.305 [main] INFO  Common.Listener - Test Method: Admin_EmployeeName passed.
2025-05-03 11:31:38.305 [main] INFO  Common.Listener - Test Method: Admin_Status started.
2025-05-03 11:31:40.505 [main] INFO  Common.Listener - Test Method: Admin_Status passed.
2025-05-03 11:31:40.505 [main] INFO  Common.Listener - Test Method: Admin_Username started.
2025-05-03 11:31:42.596 [main] INFO  Common.Listener - Test Method: Admin_Username passed.
2025-05-03 11:31:42.596 [main] INFO  Common.Listener - Test Method: Admin_Password started.
2025-05-03 11:31:44.677 [main] INFO  Common.Listener - Test Method: Admin_Password passed.
2025-05-03 11:31:44.677 [main] INFO  Common.Listener - Test Method: Admin_ConfirmPassword started.
2025-05-03 11:31:51.848 [main] INFO  Common.Listener - Test Method: Admin_ConfirmPassword passed.
2025-05-03 11:31:51.848 [main] INFO  Common.Listener - Test Method: Admin_SystemUsername started.
2025-05-03 11:31:52.984 [main] INFO  Common.Listener - Test Method: Admin_SystemUsername passed.
2025-05-03 11:31:59.224 [main] INFO  Common.Listener - Test Method: Leave_Accept started.
2025-05-03 11:32:17.891 [main] INFO  Common.Listener - Test Method: Leave_Accept passed.
2025-05-03 11:32:24.577 [main] INFO  Common.Listener - Test Method: Recruitment_HiredList started.
2025-05-03 11:32:30.361 [main] INFO  Common.Listener - Test Method: Recruitment_HiredList passed.
2025-05-03 11:32:30.361 [main] INFO  Common.Listener - Test Method: Recruitment_RejectionList1 started.
2025-05-03 11:32:31.640 [main] INFO  Common.Listener - Test Method: Recruitment_RejectionList1 passed.
2025-05-03 11:32:31.640 [main] INFO  Common.Listener - Test Method: Recruitment_Rejected1 started.
2025-05-03 11:32:58.464 [main] INFO  Common.Listener - Test Method: Recruitment_Rejected1 passed.
2025-05-03 11:33:07.910 [main] INFO  Common.Listener - Test Method: PIM_AddEmployee started.
2025-05-03 11:33:21.027 [main] INFO  Common.Listener - Test Method: PIM_AddEmployee passed.
2025-05-03 11:33:21.027 [main] INFO  Common.Listener - Test Method: PersonalDetails started.
2025-05-03 11:33:44.285 [main] INFO  Common.Listener - Test Method: PersonalDetails passed.
2025-05-03 11:33:50.487 [main] INFO  Common.Listener - Test Method: AccessRecords started.
2025-05-03 11:34:05.787 [main] INFO  Common.Listener - Test Method: AccessRecords passed.
2025-05-03 11:34:05.910 [main] INFO  Common.Listener - Test Suite: OrangeHrm finished.
2025-05-03 11:43:47.067 [main] INFO  Common.Listener - Test Suite: OrangeHrm started.
2025-05-03 11:43:55.343 [main] INFO  Common.Listener - Test Method: Admin_UserRole started.
2025-05-03 11:43:59.470 [main] INFO  Common.Listener - Test Method: Admin_UserRole passed.
2025-05-03 11:43:59.476 [main] INFO  Common.Listener - Test Method: Admin_EmployeeName started.
2025-05-03 11:44:04.674 [main] INFO  Common.Listener - Test Method: Admin_EmployeeName passed.
2025-05-03 11:44:04.674 [main] INFO  Common.Listener - Test Method: Admin_Status started.
2025-05-03 11:44:06.877 [main] INFO  Common.Listener - Test Method: Admin_Status passed.
2025-05-03 11:44:06.877 [main] INFO  Common.Listener - Test Method: Admin_Username started.
2025-05-03 11:44:08.965 [main] INFO  Common.Listener - Test Method: Admin_Username passed.
2025-05-03 11:44:08.965 [main] INFO  Common.Listener - Test Method: Admin_Password started.
2025-05-03 11:44:11.067 [main] INFO  Common.Listener - Test Method: Admin_Password passed.
2025-05-03 11:44:11.067 [main] INFO  Common.Listener - Test Method: Admin_ConfirmPassword started.
2025-05-03 11:44:18.237 [main] INFO  Common.Listener - Test Method: Admin_ConfirmPassword passed.
2025-05-03 11:44:18.237 [main] INFO  Common.Listener - Test Method: Admin_SystemUsername started.
2025-05-03 11:44:19.371 [main] INFO  Common.Listener - Test Method: Admin_SystemUsername passed.
2025-05-03 11:44:25.681 [main] INFO  Common.Listener - Test Method: Leave_Accept started.
2025-05-03 11:44:44.385 [main] INFO  Common.Listener - Test Method: Leave_Accept passed.
2025-05-03 11:44:50.088 [main] INFO  Common.Listener - Test Method: Recruitment_HiredList started.
2025-05-03 11:44:56.353 [main] INFO  Common.Listener - Test Method: Recruitment_HiredList passed.
2025-05-03 11:44:56.353 [main] INFO  Common.Listener - Test Method: Recruitment_RejectionList1 started.
2025-05-03 11:44:57.287 [main] INFO  Common.Listener - Test Method: Recruitment_RejectionList1 passed.
2025-05-03 11:44:57.297 [main] INFO  Common.Listener - Test Method: Recruitment_Rejected1 started.
2025-05-03 11:44:59.544 [main] INFO  Common.Listener - Test Method: Recruitment_Rejected1 passed.
2025-05-03 11:45:09.185 [main] INFO  Common.Listener - Test Method: PIM_AddEmployee started.
2025-05-03 11:45:22.362 [main] INFO  Common.Listener - Test Method: PIM_AddEmployee passed.
2025-05-03 11:45:22.362 [main] INFO  Common.Listener - Test Method: PersonalDetails started.
2025-05-03 11:45:45.791 [main] INFO  Common.Listener - Test Method: PersonalDetails passed.
2025-05-03 11:45:52.104 [main] INFO  Common.Listener - Test Method: AccessRecords started.
2025-05-03 11:46:07.286 [main] INFO  Common.Listener - Test Method: AccessRecords passed.
2025-05-03 11:46:07.410 [main] INFO  Common.Listener - Test Suite: OrangeHrm finished.
2025-05-03 16:37:53.245 [main] INFO  Common.Listener - Test Suite: OrangeHrm started.
2025-05-03 16:38:03.428 [main] INFO  Common.Listener - Test Method: Admin_UserRole started.
2025-05-03 16:38:07.413 [main] INFO  Common.Listener - Test Method: Admin_UserRole passed.
2025-05-03 16:38:07.418 [main] INFO  Common.Listener - Test Method: Admin_EmployeeName started.
2025-05-03 16:38:12.610 [main] INFO  Common.Listener - Test Method: Admin_EmployeeName passed.
2025-05-03 16:38:12.610 [main] INFO  Common.Listener - Test Method: Admin_Status started.
2025-05-03 16:38:14.814 [main] INFO  Common.Listener - Test Method: Admin_Status passed.
2025-05-03 16:38:14.814 [main] INFO  Common.Listener - Test Method: Admin_Username started.
2025-05-03 16:38:16.896 [main] INFO  Common.Listener - Test Method: Admin_Username passed.
2025-05-03 16:38:16.896 [main] INFO  Common.Listener - Test Method: Admin_Password started.
2025-05-03 16:38:18.975 [main] INFO  Common.Listener - Test Method: Admin_Password passed.
2025-05-03 16:38:18.975 [main] INFO  Common.Listener - Test Method: Admin_ConfirmPassword started.
2025-05-03 16:38:26.185 [main] INFO  Common.Listener - Test Method: Admin_ConfirmPassword passed.
2025-05-03 16:38:26.185 [main] INFO  Common.Listener - Test Method: Admin_SystemUsername started.
2025-05-03 16:38:27.358 [main] INFO  Common.Listener - Test Method: Admin_SystemUsername passed.
2025-05-03 16:38:34.003 [main] INFO  Common.Listener - Test Method: Leave_Accept started.
2025-05-03 16:38:52.521 [main] INFO  Common.Listener - Test Method: Leave_Accept passed.
2025-05-03 16:38:59.301 [main] INFO  Common.Listener - Test Method: Recruitment_HiredList started.
2025-05-03 16:39:05.552 [main] INFO  Common.Listener - Test Method: Recruitment_HiredList passed.
2025-05-03 16:39:05.552 [main] INFO  Common.Listener - Test Method: Recruitment_RejectionList1 started.
2025-05-03 16:39:06.102 [main] ERROR Common.Listener - Test Method: Recruitment_RejectionList1 failed and the exception is : java.sql.SQLSyntaxErrorException: ORA-00942: table or view does not exist

2025-05-03 16:39:06.115 [main] INFO  Common.Listener - Test Method: Recruitment_Rejected1 started.
2025-05-03 16:39:06.115 [main] WARN  Common.Listener - Test Method: Recruitment_Rejected1 skipped.
2025-05-03 16:39:15.601 [main] INFO  Common.Listener - Test Method: PIM_AddEmployee started.
2025-05-03 16:39:28.780 [main] INFO  Common.Listener - Test Method: PIM_AddEmployee passed.
2025-05-03 16:39:28.780 [main] INFO  Common.Listener - Test Method: PersonalDetails started.
2025-05-03 16:39:52.387 [main] INFO  Common.Listener - Test Method: PersonalDetails passed.
2025-05-03 16:39:59.147 [main] INFO  Common.Listener - Test Method: AccessRecords started.
2025-05-03 16:40:14.243 [main] INFO  Common.Listener - Test Method: AccessRecords passed.
2025-05-03 16:40:14.387 [main] INFO  Common.Listener - Test Suite: OrangeHrm finished.
2025-05-03 16:59:05.509 [main] INFO  Common.Listener - Test Suite: OrangeHrm started.
2025-05-03 16:59:15.012 [main] INFO  Common.Listener - Test Method: Admin_UserRole started.
2025-05-03 16:59:19.445 [main] INFO  Common.Listener - Test Method: Admin_UserRole passed.
2025-05-03 16:59:19.454 [main] INFO  Common.Listener - Test Method: Admin_EmployeeName started.
2025-05-03 16:59:24.632 [main] INFO  Common.Listener - Test Method: Admin_EmployeeName passed.
2025-05-03 16:59:24.632 [main] INFO  Common.Listener - Test Method: Admin_Status started.
2025-05-03 16:59:26.830 [main] INFO  Common.Listener - Test Method: Admin_Status passed.
2025-05-03 16:59:26.830 [main] INFO  Common.Listener - Test Method: Admin_Username started.
2025-05-03 16:59:28.918 [main] INFO  Common.Listener - Test Method: Admin_Username passed.
2025-05-03 16:59:28.918 [main] INFO  Common.Listener - Test Method: Admin_Password started.
2025-05-03 16:59:31.018 [main] INFO  Common.Listener - Test Method: Admin_Password passed.
2025-05-03 16:59:31.018 [main] INFO  Common.Listener - Test Method: Admin_ConfirmPassword started.
2025-05-03 16:59:38.178 [main] INFO  Common.Listener - Test Method: Admin_ConfirmPassword passed.
2025-05-03 16:59:38.178 [main] INFO  Common.Listener - Test Method: Admin_SystemUsername started.
2025-05-03 16:59:39.357 [main] INFO  Common.Listener - Test Method: Admin_SystemUsername passed.
2025-05-03 16:59:46.225 [main] INFO  Common.Listener - Test Method: Leave_Accept started.
2025-05-03 17:00:04.684 [main] INFO  Common.Listener - Test Method: Leave_Accept passed.
2025-05-03 17:00:11.129 [main] INFO  Common.Listener - Test Method: Recruitment_HiredList started.
2025-05-03 17:00:16.991 [main] INFO  Common.Listener - Test Method: Recruitment_HiredList passed.
2025-05-03 17:00:16.991 [main] INFO  Common.Listener - Test Method: Recruitment_RejectionList1 started.
2025-05-03 17:00:17.670 [main] ERROR Common.Listener - Test Method: Recruitment_RejectionList1 failed and the exception is : java.sql.SQLSyntaxErrorException: ORA-00942: table or view does not exist

2025-05-03 17:00:17.701 [main] INFO  Common.Listener - Test Method: Recruitment_Rejected1 started.
2025-05-03 17:00:17.701 [main] WARN  Common.Listener - Test Method: Recruitment_Rejected1 skipped.
2025-05-03 17:00:27.149 [main] INFO  Common.Listener - Test Method: PIM_AddEmployee started.
2025-05-03 17:00:40.561 [main] INFO  Common.Listener - Test Method: PIM_AddEmployee passed.
2025-05-03 17:00:40.561 [main] INFO  Common.Listener - Test Method: PersonalDetails started.
2025-05-03 17:01:04.099 [main] INFO  Common.Listener - Test Method: PersonalDetails passed.
2025-05-03 17:01:10.246 [main] INFO  Common.Listener - Test Method: AccessRecords started.
2025-05-03 17:01:25.804 [main] INFO  Common.Listener - Test Method: AccessRecords passed.
2025-05-03 17:01:25.943 [main] INFO  Common.Listener - Test Suite: OrangeHrm finished.
2025-05-03 17:05:59.048 [main] INFO  Common.Listener - Test Suite: OrangeHrm started.
2025-05-03 17:06:08.807 [main] INFO  Common.Listener - Test Method: Admin_UserRole started.
2025-05-03 17:06:11.866 [main] INFO  Common.Listener - Test Method: Admin_UserRole passed.
2025-05-03 17:06:11.871 [main] INFO  Common.Listener - Test Method: Admin_EmployeeName started.
2025-05-03 17:06:17.072 [main] INFO  Common.Listener - Test Method: Admin_EmployeeName passed.
2025-05-03 17:06:17.073 [main] INFO  Common.Listener - Test Method: Admin_Status started.
2025-05-03 17:06:19.298 [main] INFO  Common.Listener - Test Method: Admin_Status passed.
2025-05-03 17:06:19.298 [main] INFO  Common.Listener - Test Method: Admin_Username started.
2025-05-03 17:06:21.416 [main] INFO  Common.Listener - Test Method: Admin_Username passed.
2025-05-03 17:06:21.416 [main] INFO  Common.Listener - Test Method: Admin_Password started.
2025-05-03 17:06:23.527 [main] INFO  Common.Listener - Test Method: Admin_Password passed.
2025-05-03 17:06:23.527 [main] INFO  Common.Listener - Test Method: Admin_ConfirmPassword started.
2025-05-03 17:06:30.691 [main] INFO  Common.Listener - Test Method: Admin_ConfirmPassword passed.
2025-05-03 17:06:30.691 [main] INFO  Common.Listener - Test Method: Admin_SystemUsername started.
2025-05-03 17:06:31.831 [main] INFO  Common.Listener - Test Method: Admin_SystemUsername passed.
2025-05-03 17:06:38.461 [main] INFO  Common.Listener - Test Method: Leave_Accept started.
2025-05-03 17:06:56.922 [main] INFO  Common.Listener - Test Method: Leave_Accept passed.
2025-05-03 17:07:03.665 [main] INFO  Common.Listener - Test Method: Recruitment_HiredList started.
2025-05-03 17:07:09.830 [main] INFO  Common.Listener - Test Method: Recruitment_HiredList passed.
2025-05-03 17:07:09.830 [main] INFO  Common.Listener - Test Method: Recruitment_RejectionList1 started.
2025-05-03 17:07:10.525 [main] ERROR Common.Listener - Test Method: Recruitment_RejectionList1 failed and the exception is : java.sql.SQLSyntaxErrorException: ORA-00942: table or view does not exist

2025-05-03 17:07:10.572 [main] INFO  Common.Listener - Test Method: Recruitment_Rejected1 started.
2025-05-03 17:07:10.572 [main] WARN  Common.Listener - Test Method: Recruitment_Rejected1 skipped.
2025-05-03 17:07:20.695 [main] INFO  Common.Listener - Test Method: PIM_AddEmployee started.
2025-05-03 17:07:33.821 [main] INFO  Common.Listener - Test Method: PIM_AddEmployee passed.
2025-05-03 17:07:33.821 [main] INFO  Common.Listener - Test Method: PersonalDetails started.
2025-05-03 17:07:57.445 [main] INFO  Common.Listener - Test Method: PersonalDetails passed.
2025-05-03 17:08:04.522 [main] INFO  Common.Listener - Test Method: AccessRecords started.
2025-05-03 17:08:19.313 [main] INFO  Common.Listener - Test Method: AccessRecords passed.
2025-05-03 17:08:19.400 [main] INFO  Common.Listener - Test Suite: OrangeHrm finished.
2025-05-03 17:12:50.005 [main] INFO  Common.Listener - Test Suite: OrangeHrm started.
2025-05-03 17:12:59.877 [main] INFO  Common.Listener - Test Method: Recruitment_HiredList started.
2025-05-03 17:13:05.371 [main] INFO  Common.Listener - Test Method: Recruitment_HiredList passed.
2025-05-03 17:13:05.371 [main] INFO  Common.Listener - Test Method: Recruitment_RejectionList1 started.
2025-05-03 17:13:06.097 [main] ERROR Common.Listener - Test Method: Recruitment_RejectionList1 failed and the exception is : java.sql.SQLSyntaxErrorException: ORA-00942: table or view does not exist

2025-05-03 17:13:06.127 [main] INFO  Common.Listener - Test Method: Recruitment_Rejected1 started.
2025-05-03 17:13:06.127 [main] WARN  Common.Listener - Test Method: Recruitment_Rejected1 skipped.
2025-05-03 17:13:06.296 [main] INFO  Common.Listener - Test Suite: OrangeHrm finished.
2025-05-03 17:19:02.603 [main] INFO  Common.Listener - Test Suite: OrangeHrm started.
2025-05-03 17:19:11.706 [main] INFO  Common.Listener - Test Method: Recruitment_HiredList started.
2025-05-03 17:19:18.398 [main] INFO  Common.Listener - Test Method: Recruitment_HiredList passed.
2025-05-03 17:19:18.407 [main] INFO  Common.Listener - Test Method: Recruitment_RejectionList1 started.
2025-05-03 17:19:19.130 [main] ERROR Common.Listener - Test Method: Recruitment_RejectionList1 failed and the exception is : java.sql.SQLSyntaxErrorException: ORA-00942: table or view does not exist

2025-05-03 17:19:19.164 [main] INFO  Common.Listener - Test Method: Recruitment_Rejected1 started.
2025-05-03 17:19:19.164 [main] WARN  Common.Listener - Test Method: Recruitment_Rejected1 skipped.
2025-05-03 17:19:19.267 [main] INFO  Common.Listener - Test Suite: OrangeHrm finished.
2025-05-03 17:30:24.933 [main] INFO  Common.Listener - Test Suite: OrangeHrm started.
2025-05-03 17:30:37.506 [main] INFO  Common.Listener - Test Method: Recruitment_HiredList started.
2025-05-03 17:30:44.624 [main] INFO  Common.Listener - Test Method: Recruitment_HiredList passed.
2025-05-03 17:30:44.629 [main] INFO  Common.Listener - Test Method: Recruitment_RejectionList1 started.
2025-05-03 17:30:45.040 [main] ERROR Common.Listener - Test Method: Recruitment_RejectionList1 failed and the exception is : java.sql.SQLSyntaxErrorException: ORA-00942: table or view does not exist

2025-05-03 17:30:45.079 [main] INFO  Common.Listener - Test Method: Recruitment_Rejected1 started.
2025-05-03 17:30:45.080 [main] WARN  Common.Listener - Test Method: Recruitment_Rejected1 skipped.
2025-05-03 17:30:45.298 [main] INFO  Common.Listener - Test Suite: OrangeHrm finished.
2025-05-03 18:28:31.268 [main] INFO  Common.Listener - Test Suite: OrangeHrm started.
2025-05-03 18:28:42.429 [main] INFO  Common.Listener - Test Method: Recruitment_HiredList started.
2025-05-03 18:28:48.362 [main] INFO  Common.Listener - Test Method: Recruitment_HiredList passed.
2025-05-03 18:28:48.362 [main] INFO  Common.Listener - Test Method: Recruitment_RejectionList1 started.
2025-05-03 18:28:48.868 [main] ERROR Common.Listener - Test Method: Recruitment_RejectionList1 failed and the exception is : java.sql.SQLSyntaxErrorException: ORA-00947: not enough values

2025-05-03 18:28:48.893 [main] INFO  Common.Listener - Test Method: Recruitment_Rejected1 started.
2025-05-03 18:28:48.893 [main] WARN  Common.Listener - Test Method: Recruitment_Rejected1 skipped.
2025-05-03 18:28:49.091 [main] INFO  Common.Listener - Test Suite: OrangeHrm finished.
2025-05-03 18:45:29.082 [main] INFO  Common.Listener - Test Suite: OrangeHrm started.
2025-05-03 18:45:37.772 [main] INFO  Common.Listener - Test Method: Recruitment_HiredList started.
2025-05-03 18:45:44.277 [main] INFO  Common.Listener - Test Method: Recruitment_HiredList passed.
2025-05-03 18:45:44.287 [main] INFO  Common.Listener - Test Method: Recruitment_RejectionList1 started.
2025-05-03 18:45:47.081 [main] INFO  Common.Listener - Test Method: Recruitment_RejectionList1 passed.
2025-05-03 18:45:47.090 [main] INFO  Common.Listener - Test Method: Recruitment_Rejected1 started.
2025-05-03 18:46:14.084 [main] INFO  Common.Listener - Test Method: Recruitment_Rejected1 passed.
2025-05-03 18:46:14.249 [main] INFO  Common.Listener - Test Suite: OrangeHrm finished.
2025-05-03 18:59:57.043 [main] INFO  Common.Listener - Test Suite: OrangeHrm started.
2025-05-03 19:00:06.430 [main] INFO  Common.Listener - Test Method: Admin_UserRole started.
2025-05-03 19:00:10.836 [main] INFO  Common.Listener - Test Method: Admin_UserRole passed.
2025-05-03 19:00:10.842 [main] INFO  Common.Listener - Test Method: Admin_EmployeeName started.
2025-05-03 19:00:16.073 [main] INFO  Common.Listener - Test Method: Admin_EmployeeName passed.
2025-05-03 19:00:16.076 [main] INFO  Common.Listener - Test Method: Admin_Status started.
2025-05-03 19:00:18.411 [main] INFO  Common.Listener - Test Method: Admin_Status passed.
2025-05-03 19:00:18.413 [main] INFO  Common.Listener - Test Method: Admin_Username started.
2025-05-03 19:00:20.535 [main] INFO  Common.Listener - Test Method: Admin_Username passed.
2025-05-03 19:00:20.535 [main] INFO  Common.Listener - Test Method: Admin_Password started.
2025-05-03 19:00:22.637 [main] INFO  Common.Listener - Test Method: Admin_Password passed.
2025-05-03 19:00:22.637 [main] INFO  Common.Listener - Test Method: Admin_ConfirmPassword started.
2025-05-03 19:00:29.825 [main] INFO  Common.Listener - Test Method: Admin_ConfirmPassword passed.
2025-05-03 19:00:29.825 [main] INFO  Common.Listener - Test Method: Admin_SystemUsername started.
2025-05-03 19:00:30.972 [main] INFO  Common.Listener - Test Method: Admin_SystemUsername passed.
2025-05-03 19:00:37.553 [main] INFO  Common.Listener - Test Method: Leave_Accept started.
2025-05-03 19:00:56.264 [main] INFO  Common.Listener - Test Method: Leave_Accept passed.
2025-05-03 19:01:02.516 [main] INFO  Common.Listener - Test Method: Recruitment_HiredList started.
2025-05-03 19:01:08.969 [main] INFO  Common.Listener - Test Method: Recruitment_HiredList passed.
2025-05-03 19:01:08.969 [main] INFO  Common.Listener - Test Method: Recruitment_RejectionList1 started.
2025-05-03 19:01:10.049 [main] INFO  Common.Listener - Test Method: Recruitment_RejectionList1 passed.
2025-05-03 19:01:10.049 [main] INFO  Common.Listener - Test Method: Recruitment_Rejected1 started.
2025-05-03 19:01:12.454 [main] INFO  Common.Listener - Test Method: Recruitment_Rejected1 passed.
2025-05-03 19:01:21.546 [main] INFO  Common.Listener - Test Method: PIM_AddEmployee started.
2025-05-03 19:01:34.881 [main] INFO  Common.Listener - Test Method: PIM_AddEmployee passed.
2025-05-03 19:01:34.885 [main] INFO  Common.Listener - Test Method: PersonalDetails started.
2025-05-03 19:01:58.457 [main] INFO  Common.Listener - Test Method: PersonalDetails passed.
2025-05-03 19:02:04.947 [main] INFO  Common.Listener - Test Method: AccessRecords started.
2025-05-03 19:02:20.005 [main] INFO  Common.Listener - Test Method: AccessRecords passed.
2025-05-03 19:02:20.073 [main] INFO  Common.Listener - Test Suite: OrangeHrm finished.
2025-05-03 19:07:10.265 [main] INFO  Common.Listener - Test Suite: OrangeHrm started.
2025-05-03 19:07:19.162 [main] INFO  Common.Listener - Test Method: Admin_UserRole started.
2025-05-03 19:07:23.296 [main] INFO  Common.Listener - Test Method: Admin_UserRole passed.
2025-05-03 19:07:23.301 [main] INFO  Common.Listener - Test Method: Admin_EmployeeName started.
2025-05-03 19:07:28.505 [main] INFO  Common.Listener - Test Method: Admin_EmployeeName passed.
2025-05-03 19:07:28.507 [main] INFO  Common.Listener - Test Method: Admin_Status started.
2025-05-03 19:07:30.702 [main] INFO  Common.Listener - Test Method: Admin_Status passed.
2025-05-03 19:07:30.706 [main] INFO  Common.Listener - Test Method: Admin_Username started.
2025-05-03 19:07:32.854 [main] INFO  Common.Listener - Test Method: Admin_Username passed.
2025-05-03 19:07:32.857 [main] INFO  Common.Listener - Test Method: Admin_Password started.
2025-05-03 19:07:34.950 [main] INFO  Common.Listener - Test Method: Admin_Password passed.
2025-05-03 19:07:34.954 [main] INFO  Common.Listener - Test Method: Admin_ConfirmPassword started.
2025-05-03 19:07:42.129 [main] INFO  Common.Listener - Test Method: Admin_ConfirmPassword passed.
2025-05-03 19:07:42.132 [main] INFO  Common.Listener - Test Method: Admin_SystemUsername started.
2025-05-03 19:07:43.269 [main] INFO  Common.Listener - Test Method: Admin_SystemUsername passed.
2025-05-03 19:07:49.972 [main] INFO  Common.Listener - Test Method: Leave_Accept started.
2025-05-03 19:08:08.546 [main] INFO  Common.Listener - Test Method: Leave_Accept passed.
2025-05-03 19:08:14.449 [main] INFO  Common.Listener - Test Method: Recruitment_HiredList started.
2025-05-03 19:08:20.875 [main] INFO  Common.Listener - Test Method: Recruitment_HiredList passed.
2025-05-03 19:08:20.875 [main] INFO  Common.Listener - Test Method: Recruitment_RejectionList1 started.
2025-05-03 19:08:21.963 [main] INFO  Common.Listener - Test Method: Recruitment_RejectionList1 passed.
2025-05-03 19:08:21.973 [main] INFO  Common.Listener - Test Method: Recruitment_Rejected1 started.
2025-05-03 19:08:24.233 [main] INFO  Common.Listener - Test Method: Recruitment_Rejected1 passed.
2025-05-03 19:08:33.835 [main] INFO  Common.Listener - Test Method: PIM_AddEmployee started.
2025-05-03 19:08:47.176 [main] INFO  Common.Listener - Test Method: PIM_AddEmployee passed.
2025-05-03 19:08:47.176 [main] INFO  Common.Listener - Test Method: PersonalDetails started.
2025-05-03 19:09:10.648 [main] INFO  Common.Listener - Test Method: PersonalDetails passed.
2025-05-03 19:09:16.812 [main] INFO  Common.Listener - Test Method: AccessRecords started.
2025-05-03 19:09:31.920 [main] INFO  Common.Listener - Test Method: AccessRecords passed.
2025-05-03 19:09:32.020 [main] INFO  Common.Listener - Test Suite: OrangeHrm finished.
2025-05-03 22:23:26.584 [main] INFO  Common.Listener - Test Suite: OrangeHrm started.
2025-05-03 22:24:22.179 [main] INFO  Common.Listener - Test Suite: OrangeHrm started.
2025-05-03 22:29:31.989 [main] INFO  Common.Listener - Test Suite: OrangeHrm started.
2025-05-03 22:32:35.371 [main] INFO  Common.Listener - Test Suite: OrangeHrm started.
2025-05-03 22:35:59.643 [main] INFO  Common.Listener - Test Suite: OrangeHrm started.
2025-05-03 22:36:09.001 [main] INFO  Common.Listener - Test Method: Admin_UserRole started.
2025-05-03 22:36:13.549 [main] INFO  Common.Listener - Test Method: Admin_UserRole passed.
2025-05-03 22:36:13.550 [main] INFO  Common.Listener - Test Method: Admin_EmployeeName started.
2025-05-03 22:36:18.748 [main] INFO  Common.Listener - Test Method: Admin_EmployeeName passed.
2025-05-03 22:36:18.748 [main] INFO  Common.Listener - Test Method: Admin_Status started.
2025-05-03 22:36:20.931 [main] INFO  Common.Listener - Test Method: Admin_Status passed.
2025-05-03 22:36:20.931 [main] INFO  Common.Listener - Test Method: Admin_Username started.
2025-05-03 22:36:23.156 [main] INFO  Common.Listener - Test Method: Admin_Username passed.
2025-05-03 22:36:23.156 [main] INFO  Common.Listener - Test Method: Admin_Password started.
2025-05-03 22:36:25.260 [main] INFO  Common.Listener - Test Method: Admin_Password passed.
2025-05-03 22:36:25.260 [main] INFO  Common.Listener - Test Method: Admin_ConfirmPassword started.
2025-05-03 22:36:32.441 [main] INFO  Common.Listener - Test Method: Admin_ConfirmPassword passed.
2025-05-03 22:36:32.441 [main] INFO  Common.Listener - Test Method: Admin_SystemUsername started.
2025-05-03 22:36:33.622 [main] INFO  Common.Listener - Test Method: Admin_SystemUsername passed.
2025-05-03 22:36:39.985 [main] INFO  Common.Listener - Test Method: Leave_Accept started.
2025-05-03 22:36:59.737 [main] INFO  Common.Listener - Test Method: Leave_Accept passed.
2025-05-03 22:37:06.102 [main] INFO  Common.Listener - Test Method: Recruitment_HiredList started.
2025-05-03 22:37:12.620 [main] INFO  Common.Listener - Test Method: Recruitment_HiredList passed.
2025-05-03 22:37:12.621 [main] INFO  Common.Listener - Test Method: Recruitment_RejectionList1 started.
2025-05-03 22:37:14.067 [main] INFO  Common.Listener - Test Method: Recruitment_RejectionList1 passed.
2025-05-03 22:37:14.069 [main] INFO  Common.Listener - Test Method: Recruitment_Rejected1 started.
2025-05-03 22:38:05.597 [main] INFO  Common.Listener - Test Method: Recruitment_Rejected1 passed.
2025-05-03 22:38:15.216 [main] INFO  Common.Listener - Test Method: PIM_AddEmployee started.
2025-05-03 22:38:28.363 [main] INFO  Common.Listener - Test Method: PIM_AddEmployee passed.
2025-05-03 22:38:28.363 [main] INFO  Common.Listener - Test Method: PersonalDetails started.
2025-05-03 22:38:52.010 [main] INFO  Common.Listener - Test Method: PersonalDetails passed.
2025-05-03 22:39:00.589 [main] INFO  Common.Listener - Test Method: AccessRecords started.
2025-05-03 22:39:15.038 [main] INFO  Common.Listener - Test Method: AccessRecords passed.
2025-05-03 22:39:15.164 [main] INFO  Common.Listener - Test Suite: OrangeHrm finished.
2025-05-03 22:40:29.661 [main] INFO  Common.Listener - Test Suite: OrangeHrm started.
2025-05-03 22:40:39.654 [main] INFO  Common.Listener - Test Method: Admin_UserRole started.
2025-05-03 22:40:42.794 [main] INFO  Common.Listener - Test Method: Admin_UserRole passed.
2025-05-03 22:40:42.802 [main] INFO  Common.Listener - Test Method: Admin_EmployeeName started.
2025-05-03 22:40:48.184 [main] INFO  Common.Listener - Test Method: Admin_EmployeeName passed.
2025-05-03 22:40:48.187 [main] INFO  Common.Listener - Test Method: Admin_Status started.
2025-05-03 22:40:52.168 [main] INFO  Common.Listener - Test Method: Admin_Status passed.
2025-05-03 22:40:52.181 [main] INFO  Common.Listener - Test Method: Admin_Username started.
2025-05-03 22:40:55.502 [main] INFO  Common.Listener - Test Method: Admin_Username passed.
2025-05-03 22:40:55.513 [main] INFO  Common.Listener - Test Method: Admin_Password started.
2025-05-03 22:40:57.692 [main] INFO  Common.Listener - Test Method: Admin_Password passed.
2025-05-03 22:40:57.698 [main] INFO  Common.Listener - Test Method: Admin_ConfirmPassword started.
2025-05-03 22:41:05.087 [main] INFO  Common.Listener - Test Method: Admin_ConfirmPassword passed.
2025-05-03 22:41:05.087 [main] INFO  Common.Listener - Test Method: Admin_SystemUsername started.
2025-05-03 22:41:06.250 [main] INFO  Common.Listener - Test Method: Admin_SystemUsername passed.
2025-05-03 22:41:13.088 [main] INFO  Common.Listener - Test Method: Leave_Accept started.
2025-05-03 22:41:33.037 [main] INFO  Common.Listener - Test Method: Leave_Accept passed.
2025-05-03 22:41:41.233 [main] INFO  Common.Listener - Test Method: Recruitment_HiredList started.
2025-05-03 22:41:48.265 [main] INFO  Common.Listener - Test Method: Recruitment_HiredList passed.
2025-05-03 22:41:48.267 [main] INFO  Common.Listener - Test Method: Recruitment_RejectionList1 started.
2025-05-03 22:41:50.572 [main] INFO  Common.Listener - Test Method: Recruitment_RejectionList1 passed.
2025-05-03 22:41:50.572 [main] INFO  Common.Listener - Test Method: Recruitment_Rejected1 started.
2025-05-03 22:41:57.515 [main] INFO  Common.Listener - Test Method: Recruitment_Rejected1 passed.
2025-05-03 22:42:09.132 [main] INFO  Common.Listener - Test Method: PIM_AddEmployee started.
2025-05-03 22:42:22.480 [main] INFO  Common.Listener - Test Method: PIM_AddEmployee passed.
2025-05-03 22:42:22.482 [main] INFO  Common.Listener - Test Method: PersonalDetails started.
2025-05-03 22:42:46.669 [main] INFO  Common.Listener - Test Method: PersonalDetails passed.
2025-05-03 22:42:53.549 [main] INFO  Common.Listener - Test Method: AccessRecords started.
2025-05-03 22:43:09.183 [main] INFO  Common.Listener - Test Method: AccessRecords passed.
2025-05-03 22:43:09.507 [main] INFO  Common.Listener - Test Suite: OrangeHrm finished.
2025-05-03 23:22:08.274 [main] INFO  Common.Listener - Test Suite: OrangeHrm started.
2025-05-03 23:22:19.028 [main] INFO  Common.Listener - Test Method: Admin_UserRole started.
2025-05-03 23:22:22.237 [main] INFO  Common.Listener - Test Method: Admin_UserRole passed.
2025-05-03 23:22:22.243 [main] INFO  Common.Listener - Test Method: Admin_EmployeeName started.
2025-05-03 23:22:27.468 [main] INFO  Common.Listener - Test Method: Admin_EmployeeName passed.
2025-05-03 23:22:27.471 [main] INFO  Common.Listener - Test Method: Admin_Status started.
2025-05-03 23:22:29.651 [main] INFO  Common.Listener - Test Method: Admin_Status passed.
2025-05-03 23:22:29.655 [main] INFO  Common.Listener - Test Method: Admin_Username started.
2025-05-03 23:22:31.764 [main] INFO  Common.Listener - Test Method: Admin_Username passed.
2025-05-03 23:22:31.765 [main] INFO  Common.Listener - Test Method: Admin_Password started.
2025-05-03 23:22:33.845 [main] INFO  Common.Listener - Test Method: Admin_Password passed.
2025-05-03 23:22:33.847 [main] INFO  Common.Listener - Test Method: Admin_ConfirmPassword started.
2025-05-03 23:22:41.053 [main] INFO  Common.Listener - Test Method: Admin_ConfirmPassword passed.
2025-05-03 23:22:41.058 [main] INFO  Common.Listener - Test Method: Admin_SystemUsername started.
2025-05-03 23:22:42.206 [main] INFO  Common.Listener - Test Method: Admin_SystemUsername passed.
2025-05-03 23:22:48.832 [main] INFO  Common.Listener - Test Method: Leave_Accept started.
2025-05-03 23:23:08.137 [main] INFO  Common.Listener - Test Method: Leave_Accept passed.
2025-05-03 23:23:17.688 [main] INFO  Common.Listener - Test Method: Recruitment_HiredList started.
2025-05-03 23:23:27.337 [main] INFO  Common.Listener - Test Method: Recruitment_HiredList passed.
2025-05-03 23:23:27.339 [main] INFO  Common.Listener - Test Method: Recruitment_RejectionList1 started.
2025-05-03 23:23:27.624 [main] INFO  Common.Listener - Test Method: Recruitment_RejectionList1 passed.
2025-05-03 23:23:27.626 [main] INFO  Common.Listener - Test Method: Recruitment_Rejected1 started.
2025-05-03 23:23:27.768 [main] INFO  Common.Listener - Test Method: Recruitment_Rejected1 passed.
2025-05-03 23:23:36.795 [main] INFO  Common.Listener - Test Method: PIM_AddEmployee started.
2025-05-03 23:23:50.147 [main] INFO  Common.Listener - Test Method: PIM_AddEmployee passed.
2025-05-03 23:23:50.149 [main] INFO  Common.Listener - Test Method: PersonalDetails started.
2025-05-03 23:24:13.692 [main] INFO  Common.Listener - Test Method: PersonalDetails passed.
2025-05-03 23:24:20.620 [main] INFO  Common.Listener - Test Method: AccessRecords started.
2025-05-03 23:24:36.006 [main] INFO  Common.Listener - Test Method: AccessRecords passed.
2025-05-03 23:24:36.122 [main] INFO  Common.Listener - Test Suite: OrangeHrm finished.
2025-05-03 23:55:04.973 [main] INFO  Common.Listener - Test Suite: OrangeHrm started.
2025-05-03 23:55:15.901 [main] INFO  Common.Listener - Test Method: Admin_UserRole started.
2025-05-03 23:55:20.007 [main] INFO  Common.Listener - Test Method: Admin_UserRole passed.
2025-05-03 23:55:20.014 [main] INFO  Common.Listener - Test Method: Admin_EmployeeName started.
2025-05-03 23:55:25.208 [main] INFO  Common.Listener - Test Method: Admin_EmployeeName passed.
2025-05-03 23:55:25.211 [main] INFO  Common.Listener - Test Method: Admin_Status started.
2025-05-03 23:55:27.421 [main] INFO  Common.Listener - Test Method: Admin_Status passed.
2025-05-03 23:55:27.427 [main] INFO  Common.Listener - Test Method: Admin_Username started.
2025-05-03 23:55:29.541 [main] INFO  Common.Listener - Test Method: Admin_Username passed.
2025-05-03 23:55:29.544 [main] INFO  Common.Listener - Test Method: Admin_Password started.
2025-05-03 23:55:31.687 [main] INFO  Common.Listener - Test Method: Admin_Password passed.
2025-05-03 23:55:31.689 [main] INFO  Common.Listener - Test Method: Admin_ConfirmPassword started.
2025-05-03 23:55:38.923 [main] INFO  Common.Listener - Test Method: Admin_ConfirmPassword passed.
2025-05-03 23:55:38.929 [main] INFO  Common.Listener - Test Method: Admin_SystemUsername started.
2025-05-03 23:55:40.109 [main] INFO  Common.Listener - Test Method: Admin_SystemUsername passed.
2025-05-03 23:55:46.854 [main] INFO  Common.Listener - Test Method: Leave_Accept started.
2025-05-03 23:56:05.638 [main] INFO  Common.Listener - Test Method: Leave_Accept passed.
2025-05-03 23:56:12.667 [main] INFO  Common.Listener - Test Method: Recruitment_HiredList started.
2025-05-03 23:56:18.603 [main] INFO  Common.Listener - Test Method: Recruitment_HiredList passed.
2025-05-03 23:56:18.603 [main] INFO  Common.Listener - Test Method: Recruitment_RejectionList1 started.
2025-05-03 23:56:20.015 [main] INFO  Common.Listener - Test Method: Recruitment_RejectionList1 passed.
2025-05-03 23:56:20.025 [main] INFO  Common.Listener - Test Method: Recruitment_Rejected1 started.
2025-05-03 23:57:19.708 [main] INFO  Common.Listener - Test Method: Recruitment_Rejected1 passed.
2025-05-03 23:57:29.865 [main] INFO  Common.Listener - Test Method: PIM_AddEmployee started.
2025-05-03 23:57:42.966 [main] INFO  Common.Listener - Test Method: PIM_AddEmployee passed.
2025-05-03 23:57:42.966 [main] INFO  Common.Listener - Test Method: PersonalDetails started.
2025-05-03 23:58:06.410 [main] INFO  Common.Listener - Test Method: PersonalDetails passed.
2025-05-03 23:58:12.862 [main] INFO  Common.Listener - Test Method: AccessRecords started.
2025-05-03 23:58:27.551 [main] INFO  Common.Listener - Test Method: AccessRecords passed.
2025-05-03 23:58:27.880 [main] INFO  Common.Listener - Test Suite: OrangeHrm finished.
