2023-11-14 07:40:57.899 [main] INFO  Common.Listener - Test Suite: OrangeHrm started.
2023-11-14 07:41:08.532 [main] INFO  Common.Listener - Test Method: PIM_AddEmployee started.
2023-11-14 07:41:08.549 [main] WARN  Common.Listener - Test Method: PIM_AddEmployee skipped.
2023-11-14 07:41:08.553 [main] INFO  Common.Listener - Test Method: PersonalDetails started.
2023-11-14 07:41:08.555 [main] WARN  Common.Listener - Test Method: PersonalDetails skipped.
2023-11-14 07:41:08.599 [main] INFO  Common.Listener - Test Suite: OrangeHrm finished.
2023-11-14 07:42:15.857 [main] INFO  Common.Listener - Test Suite: OrangeHrm started.
2023-11-14 07:42:20.330 [main] INFO  Common.Listener - Test Method: Admin_UserRole started.
2023-11-14 07:42:20.341 [main] WARN  Common.Listener - Test Method: Admin_UserRole skipped.
2023-11-14 07:42:20.346 [main] INFO  Common.Listener - Test Method: Admin_EmployeeName started.
2023-11-14 07:42:20.350 [main] WARN  Common.Listener - Test Method: Admin_EmployeeName skipped.
2023-11-14 07:42:20.354 [main] INFO  Common.Listener - Test Method: Admin_Status started.
2023-11-14 07:42:20.356 [main] WARN  Common.Listener - Test Method: Admin_Status skipped.
2023-11-14 07:42:20.359 [main] INFO  Common.Listener - Test Method: Admin_Username started.
2023-11-14 07:42:20.361 [main] WARN  Common.Listener - Test Method: Admin_Username skipped.
2023-11-14 07:42:20.364 [main] INFO  Common.Listener - Test Method: Admin_Password started.
2023-11-14 07:42:20.367 [main] WARN  Common.Listener - Test Method: Admin_Password skipped.
2023-11-14 07:42:20.371 [main] INFO  Common.Listener - Test Method: Admin_ConfirmPassword started.
2023-11-14 07:42:20.373 [main] WARN  Common.Listener - Test Method: Admin_ConfirmPassword skipped.
2023-11-14 07:42:20.376 [main] INFO  Common.Listener - Test Method: Admin_SystemUsername started.
2023-11-14 07:42:20.378 [main] WARN  Common.Listener - Test Method: Admin_SystemUsername skipped.
2023-11-14 07:42:20.414 [main] INFO  Common.Listener - Test Suite: OrangeHrm finished.
2023-11-14 07:49:20.058 [main] INFO  Common.Listener - Test Suite: OrangeHrm started.
2023-11-14 07:49:24.685 [main] INFO  Common.Listener - Test Method: Admin_UserRole started.
2023-11-14 07:49:24.693 [main] WARN  Common.Listener - Test Method: Admin_UserRole skipped.
2023-11-14 07:49:24.699 [main] INFO  Common.Listener - Test Method: Admin_EmployeeName started.
2023-11-14 07:49:24.701 [main] WARN  Common.Listener - Test Method: Admin_EmployeeName skipped.
2023-11-14 07:49:24.703 [main] INFO  Common.Listener - Test Method: Admin_Status started.
2023-11-14 07:49:24.705 [main] WARN  Common.Listener - Test Method: Admin_Status skipped.
2023-11-14 07:49:24.707 [main] INFO  Common.Listener - Test Method: Admin_Username started.
2023-11-14 07:49:24.709 [main] WARN  Common.Listener - Test Method: Admin_Username skipped.
2023-11-14 07:49:24.714 [main] INFO  Common.Listener - Test Method: Admin_Password started.
2023-11-14 07:49:24.716 [main] WARN  Common.Listener - Test Method: Admin_Password skipped.
2023-11-14 07:49:24.719 [main] INFO  Common.Listener - Test Method: Admin_ConfirmPassword started.
2023-11-14 07:49:24.721 [main] WARN  Common.Listener - Test Method: Admin_ConfirmPassword skipped.
2023-11-14 07:49:24.723 [main] INFO  Common.Listener - Test Method: Admin_SystemUsername started.
2023-11-14 07:49:24.724 [main] WARN  Common.Listener - Test Method: Admin_SystemUsername skipped.
2023-11-14 07:49:24.761 [main] INFO  Common.Listener - Test Suite: OrangeHrm finished.
2023-11-14 07:50:06.411 [main] INFO  Common.Listener - Test Suite: OrangeHrm started.
2023-11-14 07:50:10.911 [main] INFO  Common.Listener - Test Method: Admin_UserRole started.
2023-11-14 07:50:10.921 [main] WARN  Common.Listener - Test Method: Admin_UserRole skipped.
2023-11-14 07:50:10.926 [main] INFO  Common.Listener - Test Method: Admin_EmployeeName started.
2023-11-14 07:50:10.929 [main] WARN  Common.Listener - Test Method: Admin_EmployeeName skipped.
2023-11-14 07:50:10.931 [main] INFO  Common.Listener - Test Method: Admin_Status started.
2023-11-14 07:50:10.933 [main] WARN  Common.Listener - Test Method: Admin_Status skipped.
2023-11-14 07:50:10.936 [main] INFO  Common.Listener - Test Method: Admin_Username started.
2023-11-14 07:50:10.938 [main] WARN  Common.Listener - Test Method: Admin_Username skipped.
2023-11-14 07:50:10.940 [main] INFO  Common.Listener - Test Method: Admin_Password started.
2023-11-14 07:50:10.942 [main] WARN  Common.Listener - Test Method: Admin_Password skipped.
2023-11-14 07:50:10.944 [main] INFO  Common.Listener - Test Method: Admin_ConfirmPassword started.
2023-11-14 07:50:10.945 [main] WARN  Common.Listener - Test Method: Admin_ConfirmPassword skipped.
2023-11-14 07:50:10.948 [main] INFO  Common.Listener - Test Method: Admin_SystemUsername started.
2023-11-14 07:50:10.949 [main] WARN  Common.Listener - Test Method: Admin_SystemUsername skipped.
2023-11-14 07:50:10.984 [main] INFO  Common.Listener - Test Suite: OrangeHrm finished.
2023-11-14 07:51:08.802 [main] INFO  Common.Listener - Test Suite: OrangeHrm started.
2023-11-14 07:51:13.268 [main] INFO  Common.Listener - Test Method: Admin_UserRole started.
2023-11-14 07:51:13.277 [main] WARN  Common.Listener - Test Method: Admin_UserRole skipped.
2023-11-14 07:51:13.281 [main] INFO  Common.Listener - Test Method: Admin_EmployeeName started.
2023-11-14 07:51:13.284 [main] WARN  Common.Listener - Test Method: Admin_EmployeeName skipped.
2023-11-14 07:51:13.285 [main] INFO  Common.Listener - Test Method: Admin_Status started.
2023-11-14 07:51:13.288 [main] WARN  Common.Listener - Test Method: Admin_Status skipped.
2023-11-14 07:51:13.291 [main] INFO  Common.Listener - Test Method: Admin_Username started.
2023-11-14 07:51:13.293 [main] WARN  Common.Listener - Test Method: Admin_Username skipped.
2023-11-14 07:51:13.295 [main] INFO  Common.Listener - Test Method: Admin_Password started.
2023-11-14 07:51:13.297 [main] WARN  Common.Listener - Test Method: Admin_Password skipped.
2023-11-14 07:51:13.299 [main] INFO  Common.Listener - Test Method: Admin_ConfirmPassword started.
2023-11-14 07:51:13.300 [main] WARN  Common.Listener - Test Method: Admin_ConfirmPassword skipped.
2023-11-14 07:51:13.303 [main] INFO  Common.Listener - Test Method: Admin_SystemUsername started.
2023-11-14 07:51:13.305 [main] WARN  Common.Listener - Test Method: Admin_SystemUsername skipped.
2023-11-14 07:51:13.349 [main] INFO  Common.Listener - Test Suite: OrangeHrm finished.
2023-11-14 07:52:23.528 [main] INFO  Common.Listener - Test Suite: OrangeHrm started.
2023-11-14 07:52:28.177 [main] INFO  Common.Listener - Test Method: Admin_UserRole started.
2023-11-14 07:52:28.186 [main] WARN  Common.Listener - Test Method: Admin_UserRole skipped.
2023-11-14 07:52:28.190 [main] INFO  Common.Listener - Test Method: Admin_EmployeeName started.
2023-11-14 07:52:28.193 [main] WARN  Common.Listener - Test Method: Admin_EmployeeName skipped.
2023-11-14 07:52:28.196 [main] INFO  Common.Listener - Test Method: Admin_Status started.
2023-11-14 07:52:28.198 [main] WARN  Common.Listener - Test Method: Admin_Status skipped.
2023-11-14 07:52:28.200 [main] INFO  Common.Listener - Test Method: Admin_Username started.
2023-11-14 07:52:28.202 [main] WARN  Common.Listener - Test Method: Admin_Username skipped.
2023-11-14 07:52:28.205 [main] INFO  Common.Listener - Test Method: Admin_Password started.
2023-11-14 07:52:28.208 [main] WARN  Common.Listener - Test Method: Admin_Password skipped.
2023-11-14 07:52:28.211 [main] INFO  Common.Listener - Test Method: Admin_ConfirmPassword started.
2023-11-14 07:52:28.213 [main] WARN  Common.Listener - Test Method: Admin_ConfirmPassword skipped.
2023-11-14 07:52:28.215 [main] INFO  Common.Listener - Test Method: Admin_SystemUsername started.
2023-11-14 07:52:28.217 [main] WARN  Common.Listener - Test Method: Admin_SystemUsername skipped.
2023-11-14 07:52:28.249 [main] INFO  Common.Listener - Test Suite: OrangeHrm finished.
2023-11-14 07:53:21.705 [main] INFO  Common.Listener - Test Suite: OrangeHrm started.
2023-11-14 07:59:18.111 [main] INFO  Common.Listener - Test Suite: OrangeHrm started.
2023-11-14 08:02:51.224 [main] INFO  Common.Listener - Test Suite: OrangeHrm started.
2023-11-14 08:03:39.507 [main] INFO  Common.Listener - Test Suite: OrangeHrm started.
2023-11-14 08:03:43.982 [main] INFO  Common.Listener - Test Method: Admin_UserRole started.
2023-11-14 08:03:43.995 [main] WARN  Common.Listener - Test Method: Admin_UserRole skipped.
2023-11-14 08:03:43.998 [main] INFO  Common.Listener - Test Method: Admin_EmployeeName started.
2023-11-14 08:03:44.000 [main] WARN  Common.Listener - Test Method: Admin_EmployeeName skipped.
2023-11-14 08:03:44.003 [main] INFO  Common.Listener - Test Method: Admin_Status started.
2023-11-14 08:03:44.005 [main] WARN  Common.Listener - Test Method: Admin_Status skipped.
2023-11-14 08:03:44.008 [main] INFO  Common.Listener - Test Method: Admin_Username started.
2023-11-14 08:03:44.009 [main] WARN  Common.Listener - Test Method: Admin_Username skipped.
2023-11-14 08:03:44.011 [main] INFO  Common.Listener - Test Method: Admin_Password started.
2023-11-14 08:03:44.013 [main] WARN  Common.Listener - Test Method: Admin_Password skipped.
2023-11-14 08:03:44.015 [main] INFO  Common.Listener - Test Method: Admin_ConfirmPassword started.
2023-11-14 08:03:44.017 [main] WARN  Common.Listener - Test Method: Admin_ConfirmPassword skipped.
2023-11-14 08:03:44.020 [main] INFO  Common.Listener - Test Method: Admin_SystemUsername started.
2023-11-14 08:03:44.022 [main] WARN  Common.Listener - Test Method: Admin_SystemUsername skipped.
2023-11-14 08:03:44.058 [main] INFO  Common.Listener - Test Suite: OrangeHrm finished.
