2024-03-17 14:31:15.217 [main] INFO  Common.Listener - Test Suite: OrangeHrm started.
2024-03-17 14:31:32.938 [main] INFO  Common.Listener - Test Method: Admin_UserRole started.
2024-03-17 14:31:36.352 [main] INFO  Common.Listener - Test Method: Admin_UserRole passed.
2024-03-17 14:31:36.352 [main] INFO  Common.Listener - Test Method: Admin_EmployeeName started.
2024-03-17 14:31:41.668 [main] INFO  Common.Listener - Test Method: Admin_EmployeeName passed.
2024-03-17 14:31:41.668 [main] INFO  Common.Listener - Test Method: Admin_Status started.
2024-03-17 14:31:43.844 [main] INFO  Common.Listener - Test Method: Admin_Status passed.
2024-03-17 14:31:43.844 [main] INFO  Common.Listener - Test Method: Admin_Username started.
2024-03-17 14:31:45.939 [main] INFO  Common.Listener - Test Method: Admin_Username passed.
2024-03-17 14:31:45.939 [main] INFO  Common.Listener - Test Method: Admin_Password started.
2024-03-17 14:31:48.039 [main] INFO  Common.Listener - Test Method: Admin_Password passed.
2024-03-17 14:31:48.039 [main] INFO  Common.Listener - Test Method: Admin_ConfirmPassword started.
2024-03-17 14:31:55.221 [main] INFO  Common.Listener - Test Method: Admin_ConfirmPassword passed.
2024-03-17 14:31:55.221 [main] INFO  Common.Listener - Test Method: Admin_SystemUsername started.
2024-03-17 14:31:56.366 [main] INFO  Common.Listener - Test Method: Admin_SystemUsername passed.
2024-03-17 14:31:56.560 [main] INFO  Common.Listener - Test Suite: OrangeHrm finished.
2024-03-17 14:32:37.014 [main] INFO  Common.Listener - Test Suite: OrangeHrm started.
2024-03-17 14:32:47.101 [main] INFO  Common.Listener - Test Method: Recruitment_HiredList started.
2024-03-17 14:32:52.336 [main] ERROR Common.Listener - Test Method: Recruitment_HiredList failed and the exception is : java.lang.NullPointerException: Cannot invoke "java.sql.Connection.createStatement()" because "connection" is null
2024-03-17 14:32:55.239 [main] INFO  Common.Listener - Test Method: Recruitment_RejectionList1 started.
2024-03-17 14:32:56.319 [main] ERROR Common.Listener - Test Method: Recruitment_RejectionList1 failed and the exception is : java.lang.NullPointerException: Cannot invoke "java.sql.Connection.createStatement()" because "connection" is null
2024-03-17 14:32:56.409 [main] INFO  Common.Listener - Test Method: Recruitment_Rejected1 started.
2024-03-17 14:32:56.409 [main] WARN  Common.Listener - Test Method: Recruitment_Rejected1 skipped.
2024-03-17 14:32:56.598 [main] INFO  Common.Listener - Test Suite: OrangeHrm finished.
2024-03-17 14:33:57.781 [main] INFO  Common.Listener - Test Suite: OrangeHrm started.
2024-03-17 14:34:07.280 [main] INFO  Common.Listener - Test Method: Recruitment_HiredList started.
2024-03-17 14:34:14.260 [main] INFO  Common.Listener - Test Method: Recruitment_HiredList passed.
2024-03-17 14:34:14.270 [main] INFO  Common.Listener - Test Method: Recruitment_RejectionList1 started.
2024-03-17 14:34:15.267 [main] INFO  Common.Listener - Test Method: Recruitment_RejectionList1 passed.
2024-03-17 14:34:15.267 [main] INFO  Common.Listener - Test Method: Recruitment_Rejected1 started.
2024-03-17 14:34:17.697 [main] INFO  Common.Listener - Test Method: Recruitment_Rejected1 passed.
2024-03-17 14:34:17.907 [main] INFO  Common.Listener - Test Suite: OrangeHrm finished.
