2023-11-18 10:57:32.485 [main] INFO  Common.Listener - Test Suite: OrangeHrm started.
2023-11-18 10:57:44.125 [main] INFO  Common.Listener - Test Method: Admin_UserRole started.
2023-11-18 10:57:44.136 [main] WARN  Common.Listener - Test Method: Admin_UserRole skipped.
2023-11-18 10:57:44.140 [main] INFO  Common.Listener - Test Method: Admin_EmployeeName started.
2023-11-18 10:57:44.143 [main] WARN  Common.Listener - Test Method: Admin_EmployeeName skipped.
2023-11-18 10:57:44.145 [main] INFO  Common.Listener - Test Method: Admin_Status started.
2023-11-18 10:57:44.146 [main] WARN  Common.Listener - Test Method: Admin_Status skipped.
2023-11-18 10:57:44.150 [main] INFO  Common.Listener - Test Method: Admin_Username started.
2023-11-18 10:57:44.154 [main] WARN  Common.Listener - Test Method: Admin_Username skipped.
2023-11-18 10:57:44.156 [main] INFO  Common.Listener - Test Method: Admin_Password started.
2023-11-18 10:57:44.159 [main] WARN  Common.Listener - Test Method: Admin_Password skipped.
2023-11-18 10:57:44.161 [main] INFO  Common.Listener - Test Method: Admin_ConfirmPassword started.
2023-11-18 10:57:44.163 [main] WARN  Common.Listener - Test Method: Admin_ConfirmPassword skipped.
2023-11-18 10:57:44.167 [main] INFO  Common.Listener - Test Method: Admin_SystemUsername started.
2023-11-18 10:57:44.170 [main] WARN  Common.Listener - Test Method: Admin_SystemUsername skipped.
2023-11-18 10:57:44.220 [main] INFO  Common.Listener - Test Suite: OrangeHrm finished.
2023-11-18 10:59:35.450 [main] INFO  Common.Listener - Test Suite: OrangeHrm started.
2023-11-18 11:01:11.782 [main] INFO  Common.Listener - Test Suite: OrangeHrm started.
2023-11-18 11:10:03.313 [main] INFO  Common.Listener - Test Suite: OrangeHrm started.
2023-11-18 11:10:48.275 [main] INFO  Common.Listener - Test Suite: OrangeHrm started.
2023-11-18 11:10:59.919 [main] INFO  Common.Listener - Test Method: Admin_UserRole started.
2023-11-18 11:11:03.453 [main] INFO  Common.Listener - Test Method: Admin_UserRole passed.
2023-11-18 11:11:03.459 [main] INFO  Common.Listener - Test Method: Admin_EmployeeName started.
2023-11-18 11:11:08.720 [main] INFO  Common.Listener - Test Method: Admin_EmployeeName passed.
2023-11-18 11:11:08.720 [main] INFO  Common.Listener - Test Method: Admin_Status started.
2023-11-18 11:11:10.877 [main] INFO  Common.Listener - Test Method: Admin_Status passed.
2023-11-18 11:11:10.877 [main] INFO  Common.Listener - Test Method: Admin_Username started.
2023-11-18 11:11:12.965 [main] INFO  Common.Listener - Test Method: Admin_Username passed.
2023-11-18 11:11:12.965 [main] INFO  Common.Listener - Test Method: Admin_Password started.
2023-11-18 11:11:15.055 [main] INFO  Common.Listener - Test Method: Admin_Password passed.
2023-11-18 11:11:15.055 [main] INFO  Common.Listener - Test Method: Admin_ConfirmPassword started.
2023-11-18 11:11:22.213 [main] INFO  Common.Listener - Test Method: Admin_ConfirmPassword passed.
2023-11-18 11:11:22.216 [main] INFO  Common.Listener - Test Method: Admin_SystemUsername started.
2023-11-18 11:11:23.386 [main] INFO  Common.Listener - Test Method: Admin_SystemUsername passed.
2023-11-18 11:11:23.552 [main] INFO  Common.Listener - Test Suite: OrangeHrm finished.
2023-11-18 11:11:53.964 [main] INFO  Common.Listener - Test Suite: OrangeHrm started.
2023-11-18 11:12:06.006 [main] INFO  Common.Listener - Test Method: Admin_UserRole started.
2023-11-18 11:12:10.241 [main] INFO  Common.Listener - Test Method: Admin_UserRole passed.
2023-11-18 11:12:10.249 [main] INFO  Common.Listener - Test Method: Admin_EmployeeName started.
2023-11-18 11:12:15.435 [main] INFO  Common.Listener - Test Method: Admin_EmployeeName passed.
2023-11-18 11:12:15.435 [main] INFO  Common.Listener - Test Method: Admin_Status started.
2023-11-18 11:12:17.595 [main] INFO  Common.Listener - Test Method: Admin_Status passed.
2023-11-18 11:12:17.595 [main] INFO  Common.Listener - Test Method: Admin_Username started.
2023-11-18 11:12:19.682 [main] INFO  Common.Listener - Test Method: Admin_Username passed.
2023-11-18 11:12:19.682 [main] INFO  Common.Listener - Test Method: Admin_Password started.
2023-11-18 11:12:21.766 [main] INFO  Common.Listener - Test Method: Admin_Password passed.
2023-11-18 11:12:21.766 [main] INFO  Common.Listener - Test Method: Admin_ConfirmPassword started.
2023-11-18 11:12:28.928 [main] INFO  Common.Listener - Test Method: Admin_ConfirmPassword passed.
2023-11-18 11:12:28.932 [main] INFO  Common.Listener - Test Method: Admin_SystemUsername started.
2023-11-18 11:12:30.387 [main] INFO  Common.Listener - Test Method: Admin_SystemUsername passed.
2023-11-18 11:12:36.896 [main] INFO  Common.Listener - Test Method: Recruitment_HiredList started.
2023-11-18 11:12:43.118 [main] INFO  Common.Listener - Test Method: Recruitment_HiredList passed.
2023-11-18 11:12:43.121 [main] INFO  Common.Listener - Test Method: Recruitment_RejectionList1 started.
2023-11-18 11:12:43.582 [main] INFO  Common.Listener - Test Method: Recruitment_RejectionList1 passed.
2023-11-18 11:12:43.584 [main] INFO  Common.Listener - Test Method: Recruitment_Rejected1 started.
2023-11-18 11:13:08.344 [main] INFO  Common.Listener - Test Method: Recruitment_Rejected1 passed.
2023-11-18 11:13:17.836 [main] INFO  Common.Listener - Test Method: Leave_Accept started.
2023-11-18 11:13:35.342 [main] INFO  Common.Listener - Test Method: Leave_Accept passed.
2023-11-18 11:13:44.573 [main] INFO  Common.Listener - Test Method: PIM_AddEmployee started.
2023-11-18 11:13:57.782 [main] INFO  Common.Listener - Test Method: PIM_AddEmployee passed.
2023-11-18 11:13:57.782 [main] INFO  Common.Listener - Test Method: PersonalDetails started.
2023-11-18 11:14:18.200 [main] INFO  Common.Listener - Test Method: PersonalDetails passed.
2023-11-18 11:14:25.489 [main] INFO  Common.Listener - Test Method: AccessRecords started.
2023-11-18 11:14:40.242 [main] INFO  Common.Listener - Test Method: AccessRecords passed.
2023-11-18 11:14:40.412 [main] INFO  Common.Listener - Test Suite: OrangeHrm finished.
